<?xml version="1.0" encoding="UTF-8"?>
<testng-results ignored="1" total="3" passed="2" failed="0" skipped="0">
  <reporter-output>
  </reporter-output>
  <suite started-at="2022-04-07T18:37:01 IST" name="DataDrivenframework" finished-at="2022-04-07T18:37:15 IST" duration-ms="13498">
    <groups>
    </groups>
    <test started-at="2022-04-07T18:37:01 IST" name="test1" finished-at="2022-04-07T18:37:15 IST" duration-ms="13498">
      <class name="tests.LoginTest">
        <test-method is-config="true" signature="initDriver()[pri:0, instance:tests.LoginTest@f0da945]" started-at="2022-04-07T18:37:09 IST" name="initDriver" finished-at="2022-04-07T18:37:13 IST" duration-ms="3674" status="PASS">
          <reporter-output>
          </reporter-output>
        </test-method> <!-- initDriver -->
        <test-method signature="loginAsBankManager()[pri:0, instance:tests.LoginTest@f0da945]" started-at="2022-04-07T18:37:13 IST" name="loginAsBankManager" finished-at="2022-04-07T18:37:14 IST" duration-ms="1244" status="PASS">
          <reporter-output>
          </reporter-output>
        </test-method> <!-- loginAsBankManager -->
        <test-method is-config="true" signature="tearDown()[pri:0, instance:tests.LoginTest@f0da945]" started-at="2022-04-07T18:37:14 IST" name="tearDown" finished-at="2022-04-07T18:37:15 IST" duration-ms="649" status="PASS">
          <reporter-output>
          </reporter-output>
        </test-method> <!-- tearDown -->
      </class> <!-- tests.LoginTest -->
      <class name="tests.AddCustomerTest">
        <test-method is-config="true" signature="setUp()[pri:0, instance:tests.AddCustomerTest@6e0f5f7f]" started-at="2022-04-07T18:37:00 IST" name="setUp" finished-at="2022-04-07T18:37:01 IST" duration-ms="1027" status="PASS">
          <reporter-output>
          </reporter-output>
        </test-method> <!-- setUp -->
        <test-method is-config="true" signature="initDriver()[pri:0, instance:tests.AddCustomerTest@6e0f5f7f]" started-at="2022-04-07T18:37:02 IST" name="initDriver" finished-at="2022-04-07T18:37:07 IST" duration-ms="5442" status="PASS">
          <reporter-output>
          </reporter-output>
        </test-method> <!-- initDriver -->
        <test-method signature="addCustomerByBankManagerTest(java.util.HashMap)[pri:0, instance:tests.AddCustomerTest@6e0f5f7f]" started-at="2022-04-07T18:37:07 IST" name="addCustomerByBankManagerTest" data-provider="getData" finished-at="2022-04-07T18:37:09 IST" duration-ms="1695" status="PASS">
          <params>
            <param index="0">
              <value>
                <![CDATA[{firstName=adam, lastName=nicks, postCode=623001, alertText=Customer added successfully}]]>
              </value>
            </param>
          </params>
          <reporter-output>
          </reporter-output>
        </test-method> <!-- addCustomerByBankManagerTest -->
        <test-method is-config="true" signature="tearDown()[pri:0, instance:tests.AddCustomerTest@6e0f5f7f]" started-at="2022-04-07T18:37:09 IST" name="tearDown" finished-at="2022-04-07T18:37:09 IST" duration-ms="747" status="PASS">
          <reporter-output>
          </reporter-output>
        </test-method> <!-- tearDown -->
      </class> <!-- tests.AddCustomerTest -->
    </test> <!-- test1 -->
  </suite> <!-- DataDrivenframework -->
</testng-results>
