<?xml version="1.0" encoding="UTF-8"?>
<testng-results skipped="0" failed="0" total="1" passed="1">
  <reporter-output>
  </reporter-output>
  <suite name="DataDrivenframework" duration-ms="63" started-at="2022-04-06T23:31:43Z" finished-at="2022-04-06T23:31:43Z">
    <groups>
    </groups>
    <test name="test1" duration-ms="63" started-at="2022-04-06T23:31:43Z" finished-at="2022-04-06T23:31:43Z">
      <class name="tests.LoginTest">
        <test-method status="PASS" signature="setUp()[pri:0, instance:tests.LoginTest@22ff4249]" name="setUp" is-config="true" duration-ms="5553" started-at="2022-04-07T05:01:37Z" finished-at="2022-04-07T05:01:43Z">
          <reporter-output>
          </reporter-output>
        </test-method> <!-- setUp -->
        <test-method status="PASS" signature="loginAsBankManager()[pri:0, instance:tests.LoginTest@22ff4249]" name="loginAsBankManager" duration-ms="57" started-at="2022-04-07T05:01:43Z" finished-at="2022-04-07T05:01:43Z">
          <reporter-output>
          </reporter-output>
        </test-method> <!-- loginAsBankManager -->
        <test-method status="PASS" signature="tearDown()[pri:0, instance:tests.LoginTest@22ff4249]" name="tearDown" is-config="true" duration-ms="687" started-at="2022-04-07T05:01:43Z" finished-at="2022-04-07T05:01:43Z">
          <reporter-output>
          </reporter-output>
        </test-method> <!-- tearDown -->
      </class> <!-- tests.LoginTest -->
    </test> <!-- test1 -->
  </suite> <!-- DataDrivenframework -->
</testng-results>
