<?xml version="1.0" encoding="UTF-8"?>
<testng-results ignored="1" total="3" passed="2" failed="0" skipped="0">
  <reporter-output>
  </reporter-output>
  <suite started-at="2022-04-07T14:25:57 IST" name="DataDrivenframework" finished-at="2022-04-07T14:26:10 IST" duration-ms="13154">
    <groups>
    </groups>
    <test started-at="2022-04-07T14:25:57 IST" name="test1" finished-at="2022-04-07T14:26:10 IST" duration-ms="13154">
      <class name="tests.LoginTest">
        <test-method is-config="true" signature="initDriver()[pri:0, instance:tests.LoginTest@12d4bf7e]" started-at="2022-04-07T14:26:05 IST" name="initDriver" finished-at="2022-04-07T14:26:09 IST" duration-ms="4148" status="PASS">
          <reporter-output>
          </reporter-output>
        </test-method> <!-- initDriver -->
        <test-method signature="loginAsBankManager()[pri:0, instance:tests.LoginTest@12d4bf7e]" started-at="2022-04-07T14:26:09 IST" name="loginAsBankManager" finished-at="2022-04-07T14:26:09 IST" duration-ms="514" status="PASS">
          <reporter-output>
          </reporter-output>
        </test-method> <!-- loginAsBankManager -->
        <test-method is-config="true" signature="tearDown()[pri:0, instance:tests.LoginTest@12d4bf7e]" started-at="2022-04-07T14:26:09 IST" name="tearDown" finished-at="2022-04-07T14:26:10 IST" duration-ms="766" status="PASS">
          <reporter-output>
          </reporter-output>
        </test-method> <!-- tearDown -->
      </class> <!-- tests.LoginTest -->
      <class name="tests.AddCustomerTest">
        <test-method is-config="true" signature="setUp()[pri:0, instance:tests.AddCustomerTest@60dcc9fe]" started-at="2022-04-07T14:25:56 IST" name="setUp" finished-at="2022-04-07T14:25:57 IST" duration-ms="1002" status="PASS">
          <reporter-output>
          </reporter-output>
        </test-method> <!-- setUp -->
        <test-method is-config="true" signature="initDriver()[pri:0, instance:tests.AddCustomerTest@60dcc9fe]" started-at="2022-04-07T14:25:57 IST" name="initDriver" finished-at="2022-04-07T14:26:03 IST" duration-ms="5595" status="PASS">
          <reporter-output>
          </reporter-output>
        </test-method> <!-- initDriver -->
        <test-method signature="addCustomerByBankManagerTest(java.util.HashMap)[pri:0, instance:tests.AddCustomerTest@60dcc9fe]" started-at="2022-04-07T14:26:03 IST" name="addCustomerByBankManagerTest" data-provider="getData" finished-at="2022-04-07T14:26:04 IST" duration-ms="1158" status="PASS">
          <params>
            <param index="0">
              <value>
                <![CDATA[{firstName=adam, lastName=nicks, postCode=623001, alertText=Customer added successfully}]]>
              </value>
            </param>
          </params>
          <reporter-output>
          </reporter-output>
        </test-method> <!-- addCustomerByBankManagerTest -->
        <test-method is-config="true" signature="tearDown()[pri:0, instance:tests.AddCustomerTest@60dcc9fe]" started-at="2022-04-07T14:26:04 IST" name="tearDown" finished-at="2022-04-07T14:26:05 IST" duration-ms="937" status="PASS">
          <reporter-output>
          </reporter-output>
        </test-method> <!-- tearDown -->
      </class> <!-- tests.AddCustomerTest -->
    </test> <!-- test1 -->
  </suite> <!-- DataDrivenframework -->
</testng-results>
