<?xml version="1.0" encoding="UTF-8"?>
<!-- Generated by org.testng.reporters.JUnitXMLReporter -->
<testsuite ignored="1" hostname="Balaji-Ramasamy" failures="0" tests="2" name="test1" time="13.154" errors="0" timestamp="2022-04-07T14:26:10 IST">
  <testcase classname="tests.AddCustomerTest" name="addCustomerByBankManagerTest" time="1.158"/>
  <testcase classname="tests.LoginTest" name="loginAsBankManager" time="0.514"/>
  <testcase classname="base.BaseTest" name="@BeforeSuite setUp" time="0.0">
    <ignored/>
  </testcase> <!-- @BeforeSuite setUp -->
</testsuite> <!-- test1 -->
